Could not drop table Vehicles
Table Vehicles created succesfully.
Inserted data into table Vehicles
Displaying all vehicles
Showing all Chevys and Toyotas
Showing vehicles whose weight is greater than 2500lbs
Dropping table Vehicles
Could not drop table Vehicles
Table Vehicles created succesfully.
Inserted data into table Vehicles
Displaying all vehicles
Showing all Chevys and Toyotas
Showing vehicles whose weight is greater than 2500lbs
Dropping table Vehicles
Could not drop table Vehicle
Table Vehicle created succesfully.
Inserted data into table Vehicle
Displaying all vehicles
Showing all Chevys and Toyotas
Showing vehicles whose weight is greater than 2500lbs
Dropping table Vehicle
Could not drop table Vehicle
Table Vehicle created succesfully.
Inserted data into table Vehicle
Displaying all vehicles
Showing all Chevys and Toyotas
Showing vehicles whose weight is greater than 2500lbs
Dropping table Vehicle
